Time resolution is 1 ps
Starting                                                                                                                                                                                                                                                         Test SLL
                                                                                                                                                                                                                                                        Test SLL Result: 00000004
Starting                                                                                                                                                                                                                                                        BSET Test
                                                                                                                                                                                                                                                       BSET Test Result: 00000004
Starting                                                                                                                                                                                                                                                        BINV Test
                                                                                                                                                                                                                                                       BINV Test Result: 00000000
Starting                                                                                                                                                                                                                                                        BEXT Test
                                                                                                                                                                                                                                                       BEXT Test Result: 00000001
Starting                                                                                                                                                                                                                                                        BCLR Test
                                                                                                                                                                                                                                                       BCLR Test Result: 00000000
Starting                                                                                                                                                                                                                                                       BSETI Test
                                                                                                                                                                                                                                                      BSETI Test Result: 00000004
Starting                                                                                                                                                                                                                                                       BINVI Test
                                                                                                                                                                                                                                                      BINVI Test Result: 00000000
Starting                                                                                                                                                                                                                                                       BEXTI Test
                                                                                                                                                                                                                                                      BEXTI Test Result: 00000001
Starting                                                                                                                                                                                                                                                       BCLRI Test
                                                                                                                                                                                                                                                      BCLRI Test Result: 00000000
$finish called at time : 310 ns : File "C:/Users/ahmet/Desktop/Yildirim_Mikrotek_Teknofest/Yildirim_Mikrotek/yildirim_mikrotek/yildirim_mikrotek.srcs/sim_1/new/tb_bit_manupulasyon_birimi_zbs.v" Line 90
