
*** Running vivado
    with args -log carp_biriktir.vds -m64 -product Vivado -mode batch -messageDb vivado.pb -notrace -source carp_biriktir.tcl



****** Vivado v2022.2 (64-bit)
  **** SW Build 3671981 on Fri Oct 14 05:00:03 MDT 2022
  **** IP Build 3669848 on Fri Oct 14 08:30:02 MDT 2022
    ** Copyright 1986-2022 Xilinx, Inc. All Rights Reserved.

source carp_biriktir.tcl -notrace
create_project: Time (s): cpu = 00:00:02 ; elapsed = 00:00:08 . Memory (MB): peak = 1037.059 ; gain = 152.949
Command: synth_design -top carp_biriktir -part xc7z020clg400-1
Starting synth_design
Attempting to get a license for feature 'Synthesis' and/or device 'xc7z020'
INFO: [Common 17-349] Got license for feature 'Synthesis' and/or device 'xc7z020'
INFO: [Synth 8-7079] Multithreading enabled for synth_design using a maximum of 2 processes.
INFO: [Synth 8-7078] Launching helper process for spawning children vivado processes
INFO: [Synth 8-7075] Helper process launched with PID 24316
INFO: [Synth 8-11241] undeclared symbol 'REGCCE', assumed default net type 'wire' [C:/Xilinx/Vivado/2022.2/data/verilog/src/unimacro/BRAM_SINGLE_MACRO.v:2170]
---------------------------------------------------------------------------------
Starting Synthesize : Time (s): cpu = 00:00:01 ; elapsed = 00:00:04 . Memory (MB): peak = 1471.703 ; gain = 409.781
---------------------------------------------------------------------------------
INFO: [Synth 8-6157] synthesizing module 'carp_biriktir' [C:/Users/senan/Desktop/Graduation-Project/yildirim_mikrotek/yildirim_mikrotek.srcs/sources_1/new/carp_biriktir.v:42]
INFO: [Synth 8-6157] synthesizing module 'DT_SB4_33x33_67' [C:/Users/senan/Desktop/Graduation-Project/yildirim_mikrotek/yildirim_mikrotek.srcs/sources_1/new/carp_biriktir.v:209]
WARNING: [Synth 8-693] zero replication count - replication ignored [C:/Users/senan/Desktop/Graduation-Project/yildirim_mikrotek/yildirim_mikrotek.srcs/sources_1/new/carp_biriktir.v:223]
INFO: [Synth 8-6157] synthesizing module 'ha' [C:/Users/senan/Desktop/Graduation-Project/yildirim_mikrotek/yildirim_mikrotek.srcs/sources_1/new/carp_biriktir.v:2973]
INFO: [Synth 8-6155] done synthesizing module 'ha' (0#1) [C:/Users/senan/Desktop/Graduation-Project/yildirim_mikrotek/yildirim_mikrotek.srcs/sources_1/new/carp_biriktir.v:2973]
INFO: [Synth 8-6157] synthesizing module 'fa' [C:/Users/senan/Desktop/Graduation-Project/yildirim_mikrotek/yildirim_mikrotek.srcs/sources_1/new/carp_biriktir.v:2985]
INFO: [Synth 8-6155] done synthesizing module 'fa' (0#1) [C:/Users/senan/Desktop/Graduation-Project/yildirim_mikrotek/yildirim_mikrotek.srcs/sources_1/new/carp_biriktir.v:2985]
INFO: [Synth 8-6155] done synthesizing module 'DT_SB4_33x33_67' (0#1) [C:/Users/senan/Desktop/Graduation-Project/yildirim_mikrotek/yildirim_mikrotek.srcs/sources_1/new/carp_biriktir.v:209]
INFO: [Synth 8-6157] synthesizing module 'KS_67' [C:/Users/senan/Desktop/Graduation-Project/yildirim_mikrotek/yildirim_mikrotek.srcs/sources_1/new/carp_biriktir.v:1510]
INFO: [Synth 8-6155] done synthesizing module 'KS_67' (0#1) [C:/Users/senan/Desktop/Graduation-Project/yildirim_mikrotek/yildirim_mikrotek.srcs/sources_1/new/carp_biriktir.v:1510]
INFO: [Synth 8-6155] done synthesizing module 'carp_biriktir' (0#1) [C:/Users/senan/Desktop/Graduation-Project/yildirim_mikrotek/yildirim_mikrotek.srcs/sources_1/new/carp_biriktir.v:42]
---------------------------------------------------------------------------------
Finished Synthesize : Time (s): cpu = 00:00:02 ; elapsed = 00:00:06 . Memory (MB): peak = 1586.195 ; gain = 524.273
---------------------------------------------------------------------------------
---------------------------------------------------------------------------------
Finished Constraint Validation : Time (s): cpu = 00:00:03 ; elapsed = 00:00:06 . Memory (MB): peak = 1586.195 ; gain = 524.273
---------------------------------------------------------------------------------
---------------------------------------------------------------------------------
Start Loading Part and Timing Information
---------------------------------------------------------------------------------
Loading part: xc7z020clg400-1
---------------------------------------------------------------------------------
Finished Loading Part and Timing Information : Time (s): cpu = 00:00:03 ; elapsed = 00:00:06 . Memory (MB): peak = 1586.195 ; gain = 524.273
---------------------------------------------------------------------------------
INFO: [Device 21-403] Loading part xc7z020clg400-1
---------------------------------------------------------------------------------
Finished RTL Optimization Phase 2 : Time (s): cpu = 00:00:04 ; elapsed = 00:00:07 . Memory (MB): peak = 1595.566 ; gain = 533.645
---------------------------------------------------------------------------------
No constraint files found.
---------------------------------------------------------------------------------
Start RTL Component Statistics 
---------------------------------------------------------------------------------
Detailed RTL Component Info : 
+---XORs : 
	   2 Input     67 Bit         XORs := 1     
	   2 Input     34 Bit         XORs := 17    
	   2 Input      1 Bit         XORs := 147   
	   3 Input      1 Bit         XORs := 513   
+---Registers : 
	               67 Bit    Registers := 1     
	               33 Bit    Registers := 1     
+---Muxes : 
	   2 Input   34 Bit        Muxes := 65    
---------------------------------------------------------------------------------
Finished RTL Component Statistics 
---------------------------------------------------------------------------------
---------------------------------------------------------------------------------
Start Part Resource Summary
---------------------------------------------------------------------------------
Part Resources:
DSPs: 220 (col length:60)
BRAMs: 280 (col length: RAMB18 60 RAMB36 30)
---------------------------------------------------------------------------------
Finished Part Resource Summary
---------------------------------------------------------------------------------
No constraint files found.
---------------------------------------------------------------------------------
Start Cross Boundary and Area Optimization
---------------------------------------------------------------------------------
WARNING: [Synth 8-7080] Parallel synthesis criteria is not met
---------------------------------------------------------------------------------
Finished Cross Boundary and Area Optimization : Time (s): cpu = 00:00:16 ; elapsed = 00:00:48 . Memory (MB): peak = 2160.586 ; gain = 1098.664
---------------------------------------------------------------------------------
No constraint files found.
---------------------------------------------------------------------------------
Start Timing Optimization
---------------------------------------------------------------------------------
---------------------------------------------------------------------------------
Finished Timing Optimization : Time (s): cpu = 00:00:16 ; elapsed = 00:00:48 . Memory (MB): peak = 2160.586 ; gain = 1098.664
---------------------------------------------------------------------------------
---------------------------------------------------------------------------------
Start Technology Mapping
---------------------------------------------------------------------------------
---------------------------------------------------------------------------------
Finished Technology Mapping : Time (s): cpu = 00:00:17 ; elapsed = 00:00:50 . Memory (MB): peak = 2160.586 ; gain = 1098.664
---------------------------------------------------------------------------------
---------------------------------------------------------------------------------
Start IO Insertion
---------------------------------------------------------------------------------
---------------------------------------------------------------------------------
Start Flattening Before IO Insertion
---------------------------------------------------------------------------------
---------------------------------------------------------------------------------
Finished Flattening Before IO Insertion
---------------------------------------------------------------------------------
---------------------------------------------------------------------------------
Start Final Netlist Cleanup
---------------------------------------------------------------------------------
---------------------------------------------------------------------------------
Finished Final Netlist Cleanup
---------------------------------------------------------------------------------
---------------------------------------------------------------------------------
Finished IO Insertion : Time (s): cpu = 00:00:19 ; elapsed = 00:00:53 . Memory (MB): peak = 2160.586 ; gain = 1098.664
---------------------------------------------------------------------------------
---------------------------------------------------------------------------------
Start Renaming Generated Instances
---------------------------------------------------------------------------------
---------------------------------------------------------------------------------
Finished Renaming Generated Instances : Time (s): cpu = 00:00:19 ; elapsed = 00:00:53 . Memory (MB): peak = 2160.586 ; gain = 1098.664
---------------------------------------------------------------------------------
---------------------------------------------------------------------------------
Start Rebuilding User Hierarchy
---------------------------------------------------------------------------------
---------------------------------------------------------------------------------
Finished Rebuilding User Hierarchy : Time (s): cpu = 00:00:19 ; elapsed = 00:00:53 . Memory (MB): peak = 2160.586 ; gain = 1098.664
---------------------------------------------------------------------------------
---------------------------------------------------------------------------------
Start Renaming Generated Ports
---------------------------------------------------------------------------------
---------------------------------------------------------------------------------
Finished Renaming Generated Ports : Time (s): cpu = 00:00:19 ; elapsed = 00:00:53 . Memory (MB): peak = 2160.586 ; gain = 1098.664
---------------------------------------------------------------------------------
---------------------------------------------------------------------------------
Start Handling Custom Attributes
---------------------------------------------------------------------------------
---------------------------------------------------------------------------------
Finished Handling Custom Attributes : Time (s): cpu = 00:00:19 ; elapsed = 00:00:53 . Memory (MB): peak = 2160.586 ; gain = 1098.664
---------------------------------------------------------------------------------
---------------------------------------------------------------------------------
Start Renaming Generated Nets
---------------------------------------------------------------------------------
---------------------------------------------------------------------------------
Finished Renaming Generated Nets : Time (s): cpu = 00:00:19 ; elapsed = 00:00:53 . Memory (MB): peak = 2160.586 ; gain = 1098.664
---------------------------------------------------------------------------------
---------------------------------------------------------------------------------
Start Writing Synthesis Report
---------------------------------------------------------------------------------

Report BlackBoxes: 
+-+--------------+----------+
| |BlackBox name |Instances |
+-+--------------+----------+
+-+--------------+----------+

Report Cell Usage: 
+------+-----+------+
|      |Cell |Count |
+------+-----+------+
|1     |BUFG |     1|
|2     |LUT1 |     1|
|3     |LUT2 |    70|
|4     |LUT3 |   489|
|5     |LUT4 |   119|
|6     |LUT5 |   896|
|7     |LUT6 |   511|
|8     |FDRE |   100|
|9     |IBUF |    69|
|10    |OBUF |    67|
+------+-----+------+

Report Instance Areas: 
+------+---------+-------+------+
|      |Instance |Module |Cells |
+------+---------+-------+------+
|1     |top      |       |  2323|
+------+---------+-------+------+
---------------------------------------------------------------------------------
Finished Writing Synthesis Report : Time (s): cpu = 00:00:19 ; elapsed = 00:00:53 . Memory (MB): peak = 2160.586 ; gain = 1098.664
---------------------------------------------------------------------------------
Synthesis finished with 0 errors, 0 critical warnings and 2 warnings.
Synthesis Optimization Runtime : Time (s): cpu = 00:00:19 ; elapsed = 00:00:53 . Memory (MB): peak = 2160.586 ; gain = 1098.664
Synthesis Optimization Complete : Time (s): cpu = 00:00:19 ; elapsed = 00:00:53 . Memory (MB): peak = 2160.586 ; gain = 1098.664
INFO: [Project 1-571] Translating synthesized netlist
Netlist sorting complete. Time (s): cpu = 00:00:00 ; elapsed = 00:00:00.010 . Memory (MB): peak = 2160.586 ; gain = 0.000
WARNING: [Netlist 29-101] Netlist 'carp_biriktir' is not ideal for floorplanning, since the cellview 'carp_biriktir' contains a large number of primitives.  Please consider enabling hierarchy in synthesis if you want to do floorplanning.
INFO: [Project 1-570] Preparing netlist for logic optimization
INFO: [Opt 31-138] Pushed 0 inverter(s) to 0 load pin(s).
Netlist sorting complete. Time (s): cpu = 00:00:00 ; elapsed = 00:00:00 . Memory (MB): peak = 2160.586 ; gain = 0.000
INFO: [Project 1-111] Unisim Transformation Summary:
No Unisim elements were transformed.

Synth Design complete, checksum: 76336bc3
INFO: [Common 17-83] Releasing license: Synthesis
21 Infos, 3 Warnings, 0 Critical Warnings and 0 Errors encountered.
synth_design completed successfully
synth_design: Time (s): cpu = 00:00:20 ; elapsed = 00:00:55 . Memory (MB): peak = 2160.586 ; gain = 1123.527
INFO: [Common 17-1381] The checkpoint 'C:/Users/senan/Desktop/Graduation-Project/yildirim_mikrotek/yildirim_mikrotek.runs/synth_1/carp_biriktir.dcp' has been generated.
INFO: [runtcl-4] Executing : report_utilization -file carp_biriktir_utilization_synth.rpt -pb carp_biriktir_utilization_synth.pb
INFO: [Common 17-206] Exiting Vivado at Wed May 29 16:14:19 2024...
