#-----------------------------------------------------------
# Vivado v2020.2 (64-bit)
# SW Build 3064766 on Wed Nov 18 09:12:45 MST 2020
# IP Build 3064653 on Wed Nov 18 14:17:31 MST 2020
# Start of session at: Wed Mar 20 14:47:28 2024
# Process ID: 17720
# Current directory: D:/GitHub/riscv_imafb/yildirim_mikrotek
# Command line: vivado.exe -gui_launcher_event rodinguilauncherevent15100 D:\GitHub\riscv_imafb\yildirim_mikrotek\yildirim_mikrotek.xpr
# Log file: D:/GitHub/riscv_imafb/yildirim_mikrotek/vivado.log
# Journal file: D:/GitHub/riscv_imafb/yildirim_mikrotek\vivado.jou
#-----------------------------------------------------------
start_gui
open_project D:/GitHub/riscv_imafb/yildirim_mikrotek/yildirim_mikrotek.xpr
INFO: [Project 1-313] Project file moved from 'C:/Users/ahmet/Desktop/Yildirim_Mikrotek_Teknofest/Yildirim_Mikrotek/yildirim_mikrotek' since last save.
CRITICAL WARNING: [Project 1-505] Unrecognized Option Name SimulatorVersionXsim
CRITICAL WARNING: [Project 1-505] Unrecognized Option Name SimulatorVersionModelSim
CRITICAL WARNING: [Project 1-505] Unrecognized Option Name SimulatorVersionQuesta
CRITICAL WARNING: [Project 1-505] Unrecognized Option Name SimulatorVersionXcelium
CRITICAL WARNING: [Project 1-505] Unrecognized Option Name SimulatorVersionVCS
CRITICAL WARNING: [Project 1-505] Unrecognized Option Name SimulatorVersionRiviera
CRITICAL WARNING: [Project 1-505] Unrecognized Option Name SimulatorVersionActiveHdl
CRITICAL WARNING: [Project 1-505] Unrecognized Option Name SimulatorGccVersionXsim
CRITICAL WARNING: [Project 1-505] Unrecognized Option Name SimulatorGccVersionModelSim
CRITICAL WARNING: [Project 1-505] Unrecognized Option Name SimulatorGccVersionQuesta
CRITICAL WARNING: [Project 1-505] Unrecognized Option Name SimulatorGccVersionXcelium
CRITICAL WARNING: [Project 1-505] Unrecognized Option Name SimulatorGccVersionVCS
CRITICAL WARNING: [Project 1-505] Unrecognized Option Name SimulatorGccVersionRiviera
CRITICAL WARNING: [Project 1-505] Unrecognized Option Name SimulatorGccVersionActiveHdl
WARNING: [filemgmt 56-2] Default IP Output Path : Could not find the directory 'D:/GitHub/riscv_imafb/yildirim_mikrotek/yildirim_mikrotek.gen/sources_1', nor could it be found using path 'C:/Users/ahmet/Desktop/Yildirim_Mikrotek_Teknofest/Yildirim_Mikrotek/yildirim_mikrotek/yildirim_mikrotek.gen/sources_1'.
CRITICAL WARNING: [Project 1-505] Unrecognized Option Name EnableResourceEstimation
CRITICAL WARNING: [Project 1-505] Unrecognized Option Name SimCompileState
CRITICAL WARNING: [Project 1-505] Unrecognized Option Name ClassicSocBoot
CRITICAL WARNING: [Project 1-505] Unrecognized Option Name LocalIPRepoLeafDirName
Scanning sources...
Finished scanning sources
CRITICAL WARNING: [Project 1-192] Failed to load run synth_1. Strategy Vivado Synthesis Defaults (Vivado Synthesis 2022) not recognized by Vivado. 

CRITICAL WARNING: [Project 1-192] Failed to load run impl_1. Strategy Vivado Implementation Defaults (Vivado Implementation 2022) not recognized by Vivado. 

CRITICAL WARNING: [Board 49-67] The board_part definition was not found for digilentinc.com:zybo-z7-20:part0:1.2. This can happen sometimes when you use custom board part. You can resolve this issue by setting 'board.repoPaths' parameter, pointing to the location of custom board files. Valid board_part values can be retrieved with the 'get_board_parts' Tcl command.
WARNING: [Project 1-231] Project 'yildirim_mikrotek.xpr' was created with a future version and may or may not perform reliably with this version of Vivado. It has been opened in read-only mode for the protection of unrecognized data. Use 'File | Save Project As...' if you wish to alter a copy of the project.
INFO: [IP_Flow 19-234] Refreshing IP repositories
INFO: [IP_Flow 19-1704] No user IP repositories specified
INFO: [IP_Flow 19-2313] Loaded Vivado IP repository 'C:/Xilinx/Vivado/2020.2/data/ip'.
open_project: Time (s): cpu = 00:00:10 ; elapsed = 00:00:06 . Memory (MB): peak = 1004.438 ; gain = 0.000
update_compile_order -fileset sources_1
save_project_as project_1 D:/yildirim_riscv/project_1 -force
save_project_as: Time (s): cpu = 00:00:14 ; elapsed = 00:00:07 . Memory (MB): peak = 1004.438 ; gain = 0.000
